<?xml version="1.0" encoding="UTF-8"?>
<testsuite xmlns:xsi="http://www.w3.org/2001/XMLSchema-instance" xsi:noNamespaceSchemaLocation="https://maven.apache.org/surefire/maven-surefire-plugin/xsd/surefire-test-report-3.0.xsd" version="3.0" name="com.rps.game.GameTest" time="0.027" tests="2" errors="0" skipped="0" failures="0">
  <properties>
[...]
</properties>
  <testcase name="testPlayRoundRockBeatsScissors" classname="com.rps.game.GameTest" time="0.024">
    <system-out><![CDATA[Player 1 chose ROCK
Player 2 chose SCISSORS
]]></system-out>
  </testcase>
  <testcase name="testGameRequiresTwoPlayers" classname="com.rps.game.GameTest" time="0.002"/>
</testsuite>